<?xml version="1.0" encoding="UTF-8"?>
<testng-results ignored="0" total="1" passed="1" failed="0" skipped="0">
  <reporter-output>
  </reporter-output>
  <suite started-at="2023-03-13T14:37:22Z" name="Default suite" finished-at="2023-03-13T14:38:29Z" duration-ms="66879">
    <groups>
    </groups>
    <test started-at="2023-03-13T14:37:22Z" name="Default test" finished-at="2023-03-13T14:38:29Z" duration-ms="66879">
      <class name="com.simplilearn.testng.TestNG">
        <test-method is-config="true" signature="beforeSuite()[pri:0, instance:com.simplilearn.testng.TestNG@1921ad94]" started-at="2023-03-13T14:37:21Z" name="beforeSuite" finished-at="2023-03-13T14:37:22Z" duration-ms="986" status="PASS">
          <reporter-output>
          </reporter-output>
        </test-method> <!-- beforeSuite -->
        <test-method signature="lunchapplication()[pri:0, instance:com.simplilearn.testng.TestNG@1921ad94]" started-at="2023-03-13T14:37:22Z" name="lunchapplication" finished-at="2023-03-13T14:38:29Z" duration-ms="66854" status="PASS">
          <reporter-output>
          </reporter-output>
        </test-method> <!-- lunchapplication -->
        <test-method is-config="true" signature="afterSuite()[pri:0, instance:com.simplilearn.testng.TestNG@1921ad94]" started-at="2023-03-13T14:38:29Z" name="afterSuite" finished-at="2023-03-13T14:38:30Z" duration-ms="175" status="PASS">
          <reporter-output>
          </reporter-output>
        </test-method> <!-- afterSuite -->
      </class> <!-- com.simplilearn.testng.TestNG -->
    </test> <!-- Default test -->
  </suite> <!-- Default suite -->
</testng-results>
